<?xml version="1.0" encoding="UTF-8"?>
<robot generator="Robot 4.1.2 (Python 3.8.10 on linux)" generated="20211214 09:17:24.791" rpa="false" schemaversion="2">
<suite id="s1" name="Test" source="/home/hafini/besquare/qa/Demo/Project/test.robot">
<test id="s1-t1" name="Open Deriv">
<kw name="Login" library="common">
<arg>${my_email}</arg>
<arg>${my_pw}</arg>
<kw name="Open Browser" library="SeleniumLibrary">
<arg>url=https://app.deriv.com</arg>
<arg>browser=chrome</arg>
<doc>Opens a new browser instance to the optional ``url``.</doc>
<msg timestamp="20211214 09:17:24.874" level="INFO">Opening browser 'chrome' to base url 'https://app.deriv.com'.</msg>
<status status="PASS" starttime="20211214 09:17:24.874" endtime="20211214 09:17:34.335"/>
</kw>
<kw name="Set Window Size" library="SeleniumLibrary">
<arg>1280</arg>
<arg>1028</arg>
<doc>Sets current windows size to given ``width`` and ``height``.</doc>
<status status="PASS" starttime="20211214 09:17:34.335" endtime="20211214 09:17:34.484"/>
</kw>
<kw name="Wait Until Page Does Not Contain Element" library="SeleniumLibrary">
<arg>dt_core_header_acc-info-preloader</arg>
<arg>60</arg>
<doc>Waits until the element ``locator`` disappears from the current page.</doc>
<status status="PASS" starttime="20211214 09:17:34.484" endtime="20211214 09:17:34.499"/>
</kw>
<kw name="Wait Until Page Contains Element" library="SeleniumLibrary">
<arg>${login_btn}</arg>
<arg>60</arg>
<doc>Waits until the element ``locator`` appears on the current page.</doc>
<status status="PASS" starttime="20211214 09:17:34.500" endtime="20211214 09:17:34.511"/>
</kw>
<kw name="Click Element" library="SeleniumLibrary">
<arg>${login_btn}</arg>
<doc>Click the element identified by ``locator``.</doc>
<msg timestamp="20211214 09:17:34.512" level="INFO">Clicking element 'dt_login_button'.</msg>
<status status="PASS" starttime="20211214 09:17:34.511" endtime="20211214 09:17:37.230"/>
</kw>
<kw name="Wait Until Page Contains Element" library="SeleniumLibrary">
<arg>${email_field}</arg>
<arg>30</arg>
<doc>Waits until the element ``locator`` appears on the current page.</doc>
<status status="PASS" starttime="20211214 09:17:37.230" endtime="20211214 09:17:37.242"/>
</kw>
<kw name="Input Text" library="SeleniumLibrary">
<arg>${email_field}</arg>
<arg>${email}</arg>
<doc>Types the given ``text`` into the text field identified by ``locator``.</doc>
<msg timestamp="20211214 09:17:37.242" level="INFO">Typing text 'hafini@besquare.com.my' into text field '//*[@id='txtEmail']'.</msg>
<status status="PASS" starttime="20211214 09:17:37.242" endtime="20211214 09:17:37.291"/>
</kw>
<kw name="Input Text" library="SeleniumLibrary">
<arg>${pw_field}</arg>
<arg>${pw}</arg>
<doc>Types the given ``text`` into the text field identified by ``locator``.</doc>
<msg timestamp="20211214 09:17:37.292" level="INFO">Typing text 'MineralWater1' into text field '//*[@type="password"]'.</msg>
<status status="PASS" starttime="20211214 09:17:37.292" endtime="20211214 09:17:37.341"/>
</kw>
<kw name="Click Element" library="SeleniumLibrary">
<arg>${login_oauth_btn}</arg>
<doc>Click the element identified by ``locator``.</doc>
<msg timestamp="20211214 09:17:37.342" level="INFO">Clicking element '//*[@type='submit']'.</msg>
<status status="PASS" starttime="20211214 09:17:37.341" endtime="20211214 09:17:40.186"/>
</kw>
<status status="PASS" starttime="20211214 09:17:24.874" endtime="20211214 09:17:40.186"/>
</kw>
<status status="PASS" starttime="20211214 09:17:24.873" endtime="20211214 09:17:40.187"/>
</test>
<status status="PASS" starttime="20211214 09:17:24.792" endtime="20211214 09:17:40.187"/>
</suite>
<statistics>
<total>
<stat pass="1" fail="0" skip="0">All Tests</stat>
</total>
<tag>
</tag>
<suite>
<stat pass="1" fail="0" skip="0" id="s1" name="Test">Test</stat>
</suite>
</statistics>
<errors>
</errors>
</robot>
